[debug] [2023-03-22T17:33:42.483Z] ----------------------------------------------------------------------
[debug] [2023-03-22T17:33:42.485Z] Command:       C:\Program Files\nodejs\node.exe C:\Users\schar\AppData\Roaming\npm\node_modules\firebase-tools\lib\bin\firebase.js init
[debug] [2023-03-22T17:33:42.486Z] CLI Version:   11.25.1
[debug] [2023-03-22T17:33:42.486Z] Platform:      win32
[debug] [2023-03-22T17:33:42.486Z] Node Version:  v16.14.2
[debug] [2023-03-22T17:33:42.487Z] Time:          Wed Mar 22 2023 18:33:42 GMT+0100 (czas środkowoeuropejski standardowy)
[debug] [2023-03-22T17:33:42.487Z] ----------------------------------------------------------------------
[debug] 
[debug] [2023-03-22T17:33:42.557Z] > command requires scopes: ["email","openid","https://www.googleapis.com/auth/cloudplatformprojects.readonly","https://www.googleapis.com/auth/firebase","https://www.googleapis.com/auth/cloud-platform"]
[debug] [2023-03-22T17:33:42.558Z] > authorizing via signed-in user (scharmi1500@gmail.com)
[info] 
     ######## #### ########  ######## ########     ###     ######  ########
     ##        ##  ##     ## ##       ##     ##  ##   ##  ##       ##
     ######    ##  ########  ######   ########  #########  ######  ######
     ##        ##  ##    ##  ##       ##     ## ##     ##       ## ##
     ##       #### ##     ## ######## ########  ##     ##  ######  ########

You're about to initialize a Firebase project in this directory:

  C:\Users\schar\Desktop\Infa\ktuluOnline\ktulu

Before we get started, keep in mind:

  * You are initializing within an existing Firebase project directory

